Flutter crash report.
Please report a bug at https://github.com/flutter/flutter/issues.

## command

flutter --quiet assemble --no-version-check --depfile C:\Users\MBAH\Pictures\Pictures\davidmbah\build\app\intermediates\flutter\debug/flutter_build.d --output C:\Users\MBAH\Pictures\Pictures\davidmbah\build\app\intermediates\flutter\debug -dTargetFile=C:\Users\MBAH\Pictures\Pictures\davidmbah\lib\hompage -dTargetPlatform=android -dBuildMode=debug -dTrackWidgetCreation=true --DartDefines=RkxVVFRFUl9XRUJfQVVUT19ERVRFQ1Q9dHJ1ZQ==,RkxVVFRFUl9XRUJfQ0FOVkFTS0lUX1VSTD1odHRwczovL3d3dy5nc3RhdGljLmNvbS9mbHV0dGVyLWNhbnZhc2tpdC9jZjdhOWQwODAwZjJhNWRhMTY2ZGJlMGViOWZiMjQ3NjAxODI2OWIxLw== debug_android_application

## exception

UnsupportedError: Unsupported operation: Illegal character in path: pdf:

```
#0      _Uri._checkWindowsPathReservedCharacters (dart:core/uri.dart:1840:11)
#1      _Uri._toWindowsFilePath (dart:core/uri.dart:2882:7)
#2      _Uri.toFilePath (dart:core/uri.dart:2854:38)
#3      ManifestAssetBundle._parseAssetsFromFolder (package:flutter_tools/src/asset.dart:895:29)
#4      ManifestAssetBundle._parseAssets (package:flutter_tools/src/asset.dart:810:9)
#5      ManifestAssetBundle.build (package:flutter_tools/src/asset.dart:265:54)
<asynchronous suspension>
#6      copyAssets (package:flutter_tools/src/build_system/targets/assets.dart:56:26)
<asynchronous suspension>
#7      AndroidAssetBundle.build (package:flutter_tools/src/build_system/targets/android.dart:65:34)
<asynchronous suspension>
#8      _BuildInstance._invokeInternal (package:flutter_tools/src/build_system/build_system.dart:853:9)
<asynchronous suspension>
#9      FlutterBuildSystem.build (package:flutter_tools/src/build_system/build_system.dart:620:16)
<asynchronous suspension>
#10     AssembleCommand.runCommand (package:flutter_tools/src/commands/assemble.dart:315:32)
<asynchronous suspension>
#11     FlutterCommand.run.<anonymous closure> (package:flutter_tools/src/runner/flutter_command.dart:1350:27)
<asynchronous suspension>
#12     AppContext.run.<anonymous closure> (package:flutter_tools/src/base/context.dart:150:19)
<asynchronous suspension>
#13     CommandRunner.runCommand (package:args/command_runner.dart:212:13)
<asynchronous suspension>
#14     FlutterCommandRunner.runCommand.<anonymous closure> (package:flutter_tools/src/runner/flutter_command_runner.dart:348:9)
<asynchronous suspension>
#15     AppContext.run.<anonymous closure> (package:flutter_tools/src/base/context.dart:150:19)
<asynchronous suspension>
#16     FlutterCommandRunner.runCommand (package:flutter_tools/src/runner/flutter_command_runner.dart:294:5)
<asynchronous suspension>
#17     run.<anonymous closure>.<anonymous closure> (package:flutter_tools/runner.dart:112:9)
<asynchronous suspension>
#18     AppContext.run.<anonymous closure> (package:flutter_tools/src/base/context.dart:150:19)
<asynchronous suspension>
#19     main (package:flutter_tools/executable.dart:90:3)
<asynchronous suspension>
```

## flutter doctor

```
[✓] Flutter (Channel stable, 3.16.2, on Microsoft Windows [Version 10.0.19045.3570], locale en-US)
    • Flutter version 3.16.2 on channel stable at C:\flutter
    • Upstream repository https://github.com/flutter/flutter.git
    • Framework revision 9e1c857886 (6 weeks ago), 2023-11-30 11:51:18 -0600
    • Engine revision cf7a9d0800
    • Dart version 3.2.2
    • DevTools version 2.28.3

[✓] Windows Version (Installed version of Windows is version 10 or higher)

[✓] Android toolchain - develop for Android devices (Android SDK version 34.0.0)
    • Android SDK at C:\Users\MBAH\AppData\Local\Android\sdk
    • Platform android-34-ext8, build-tools 34.0.0
    • Java binary at: C:\Program Files\Android\Android Studio\jbr\bin\java
    • Java version OpenJDK Runtime Environment (build 17.0.7+0-b2043.56-10550314)
    • All Android licenses accepted.

[✓] Chrome - develop for the web
    • Chrome at C:\Program Files\Google\Chrome\Application\chrome.exe

[✗] Visual Studio - develop Windows apps
    ✗ Visual Studio not installed; this is necessary to develop Windows apps.
      Download at https://visualstudio.microsoft.com/downloads/.
      Please install the "Desktop development with C++" workload, including all of its default components

[✓] Android Studio (version 2023.1)
    • Android Studio at C:\Program Files\Android\Android Studio
    • Flutter plugin can be installed from:
      🔨 https://plugins.jetbrains.com/plugin/9212-flutter
    • Dart plugin can be installed from:
      🔨 https://plugins.jetbrains.com/plugin/6351-dart
    • Java version OpenJDK Runtime Environment (build 17.0.7+0-b2043.56-10550314)

[✓] VS Code (version 1.85.1)
    • VS Code at C:\Users\MBAH\AppData\Local\Programs\Microsoft VS Code
    • Flutter extension version 3.80.0

[✓] Connected device (4 available)
    • Android SDK built for x86 (mobile) • emulator-5554 • android-x86    • Android 7.0 (API 24) (emulator)
    • Windows (desktop)                  • windows       • windows-x64    • Microsoft Windows [Version 10.0.19045.3570]
    • Chrome (web)                       • chrome        • web-javascript • Google Chrome 120.0.6099.217
    • Edge (web)                         • edge          • web-javascript • Microsoft Edge 120.0.2210.121

[✓] Network resources
    • All expected network resources are available.

! Doctor found issues in 1 category.
```
